<?xml version="1.0" encoding="UTF-8"?>
<!-- Generated by org.testng.reporters.JUnitReportReporter -->
<testsuite hostname="CIPL-8PC235" name="RestApiAutomation.RestAp.PostApiTest" tests="1" failures="0" timestamp="5 Aug 2019 10:57:45 GMT" time="3.511" errors="0">
  <testcase name="PostRequest" time="3.511" classname="RestApiAutomation.RestAp.PostApiTest"/>
</testsuite> <!-- RestApiAutomation.RestAp.PostApiTest -->
