<?xml version="1.0" encoding="UTF-8"?>
<!-- Generated by org.testng.reporters.JUnitReportReporter -->
<testsuite hostname="CIPL-8PC235" name="RestApiAutomation.RestAp.RestAPIGETTest" tests="1" failures="0" timestamp="5 Aug 2019 09:05:28 GMT" time="2.841" errors="0">
  <testcase name="getweatherDetails" time="2.841" classname="RestApiAutomation.RestAp.RestAPIGETTest"/>
</testsuite> <!-- RestApiAutomation.RestAp.RestAPIGETTest -->
